<?xml version="1.0" encoding="UTF-8" ?>
<testsuite tests="4" failures="0" name="pages.TestSupportTest" time="31.837" errors="1" skipped="0">
  <properties>
[...]
</properties>
  <testcase classname="Add new address to ready user profile" name="Log in to user account on https://mystore-testlab.coderslab.pl/ #1" time="8.762"/>
  <testcase classname="Add new address to ready user profile" name="Log in to user account on https://mystore-testlab.coderslab.pl/ #2" time="6.574"/>
  <testcase classname="Add new address to ready user profile" name="Log in to user account on https://mystore-testlab.coderslab.pl/ #3" time="6.218"/>
  <testcase classname="New order" name="Adding new order" time="10.283">
    <error message="The step &apos;Browser is closed&apos; is undefined.
You can implement this step using the snippet(s) below:

@Then(&quot;Browser is closed&quot;)
public void browser_is_closed() {
    // Write code here that turns the phrase above into concrete actions
    throw new io.cucumber.java.PendingException();
}
" type="io.cucumber.junit.UndefinedStepException">io.cucumber.junit.UndefinedStepException: The step &apos;Browser is closed&apos; is undefined.
You can implement this step using the snippet(s) below:

@Then(&quot;Browser is closed&quot;)
public void browser_is_closed() {
    // Write code here that turns the phrase above into concrete actions
    throw new io.cucumber.java.PendingException();
}

</error>
    <system-out>
Scenario Outline: Adding new order                                                             &amp;#27;[90m# src/Cucumber/Features/NewOrder.feature:17&amp;#27;[0m
  &amp;#27;[32mGiven &amp;#27;[0m&amp;#27;[32mUser opened&amp;#27;[0m&amp;#27;[32m&amp;#27;[1m https://mystore-testlab.coderslab.pl/&amp;#27;[0m&amp;#27;[32m page&amp;#27;[0m                                 &amp;#27;[90m# steps.NewOrderSteps.openMyStore(java.lang.String)&amp;#27;[0m
  &amp;#27;[32mAnd &amp;#27;[0m&amp;#27;[32mUser clicks on SingIn button&amp;#27;[0m                                                             &amp;#27;[90m# steps.NewOrderSteps.clickSingIn()&amp;#27;[0m
  &amp;#27;[32mAnd &amp;#27;[0m&amp;#27;[32mUser enters email &amp;#27;[0m&amp;#27;[32m&amp;#27;[1mjan.jakowski@Silesia.pl&amp;#27;[0m&amp;#27;[32m and password &amp;#27;[0m&amp;#27;[32m&amp;#27;[1m123!@#Qwe&amp;#27;[0m&amp;#27;[32m and click SignIn button&amp;#27;[0m &amp;#27;[90m# steps.NewOrderSteps.enterLoginAndPassword(java.lang.String,java.lang.String)&amp;#27;[0m
  &amp;#27;[32mWhen &amp;#27;[0m&amp;#27;[32mUser finds Hummingbird Printed Sweater&amp;#27;[0m                                                  &amp;#27;[90m# steps.NewOrderSteps.userFindsProduct()&amp;#27;[0m
  &amp;#27;[32mAnd &amp;#27;[0m&amp;#27;[32mUser choose &amp;#27;[0m&amp;#27;[32m&amp;#27;[1msize&amp;#27;[0m&amp;#27;[32m, &amp;#27;[0m&amp;#27;[32m&amp;#27;[1mquantity&amp;#27;[0m&amp;#27;[32m, add product to the basket and goes to checkout&amp;#27;[0m               &amp;#27;[90m# steps.NewOrderSteps.addProduct(java.lang.String,java.lang.String)&amp;#27;[0m
  &amp;#27;[32mAnd &amp;#27;[0m&amp;#27;[32mUser confirms address alias &amp;#27;[0m&amp;#27;[32m&amp;#27;[1mMr&amp;#27;[0m                                                           &amp;#27;[90m# steps.NewOrderSteps.addressConfirmation(java.lang.String)&amp;#27;[0m
  &amp;#27;[32mAnd &amp;#27;[0m&amp;#27;[32mUser choose delivery method Pick up in store, choose pay by Check and confirms order&amp;#27;[0m     &amp;#27;[90m# steps.NewOrderSteps.paymentAndDeliveryMethods()&amp;#27;[0m
  &amp;#27;[32mThen &amp;#27;[0m&amp;#27;[32mUser sees order confirmation&amp;#27;[0m                                                            &amp;#27;[90m# steps.NewOrderSteps.orderConfirmation()&amp;#27;[0m
  &amp;#27;[32mAnd &amp;#27;[0m&amp;#27;[32mScreenshot is taken&amp;#27;[0m                                                                      &amp;#27;[90m# steps.NewOrderSteps.takeScreenShoot()&amp;#27;[0m
  &amp;#27;[32mAnd &amp;#27;[0m&amp;#27;[32mUser goes back to account page and goes to order history&amp;#27;[0m                                 &amp;#27;[90m# steps.NewOrderSteps.toOrderHistory()&amp;#27;[0m
  &amp;#27;[33mAnd &amp;#27;[0m&amp;#27;[33mBrowser is closed&amp;#27;[0m
</system-out>
    <system-err>Starting ChromeDriver 99.0.4844.51 (d537ec02474b5afe23684e7963d538896c63ac77-refs/branch-heads/4844@{#875}) on port 58665
Only local connections are allowed.
Please see https://chromedriver.chromium.org/security-considerations for suggestions on keeping ChromeDriver safe.
ChromeDriver was started successfully.
[1649677065.417][WARNING]: This version of ChromeDriver has not been tested with Chrome version 100.
kwi 11, 2022 1:37:45 PM org.openqa.selenium.remote.ProtocolHandshake createSession
INFO: Detected dialect: W3C
kwi 11, 2022 1:37:45 PM org.openqa.selenium.devtools.CdpVersionFinder findNearestMatch
WARNING: Unable to find an exact match for CDP version 100, so returning the closest version found: 99
kwi 11, 2022 1:37:45 PM org.openqa.selenium.devtools.CdpVersionFinder findNearestMatch
INFO: Found CDP implementation for version 100 of 99
</system-err>
  </testcase>
</testsuite>